#-----------------------------------------------------------
# Vivado v2019.2 (64-bit)
# SW Build 2708876 on Wed Nov  6 21:40:23 MST 2019
# IP Build 2700528 on Thu Nov  7 00:09:20 MST 2019
# Start of session at: Wed Jun 12 16:16:54 2024
# Process ID: 31224
# Current directory: C:/JAEWOO_SoC/Vivado_2019/basys3_soc_24
# Command line: vivado.exe -gui_launcher_event rodinguilauncherevent34344 C:\JAEWOO_SoC\Vivado_2019\basys3_soc_24\basys3_soc_24.xpr
# Log file: C:/JAEWOO_SoC/Vivado_2019/basys3_soc_24/vivado.log
# Journal file: C:/JAEWOO_SoC/Vivado_2019/basys3_soc_24\vivado.jou
#-----------------------------------------------------------
start_gui
open_project C:/JAEWOO_SoC/Vivado_2019/basys3_soc_24/basys3_soc_24.xpr
CRITICAL WARNING: [Project 1-19] Could not find the file 'C:/JAEWOO_SoC/Vivado_2019/basys3_soc_24/basys3_soc_24.srcs/sources_1/new/exam01_combinational_logic.v'.
Scanning sources...
Finished scanning sources
WARNING: [filemgmt 56-3] IPUserFilesDir: Could not find the directory 'C:/JAEWOO_SoC/Vivado_2019/basys3_soc_24/basys3_soc_24.ip_user_files'.
INFO: [IP_Flow 19-234] Refreshing IP repositories
INFO: [IP_Flow 19-1704] No user IP repositories specified
INFO: [IP_Flow 19-2313] Loaded Vivado IP repository 'C:/Xilinx/Vivado/2019.2/data/ip'.
open_project: Time (s): cpu = 00:00:19 ; elapsed = 00:00:14 . Memory (MB): peak = 1059.426 ; gain = 299.805
update_compile_order -fileset sources_1
exit
INFO: [Common 17-206] Exiting Vivado at Wed Jun 12 16:17:57 2024...
